<?xml version="1.0" encoding="UTF-8"?>
<testsuite xmlns:xsi="http://www.w3.org/2001/XMLSchema-instance" xsi:noNamespaceSchemaLocation="https://maven.apache.org/surefire/maven-surefire-plugin/xsd/surefire-test-report.xsd" version="3.0.2" name="com.dailycodebuffer.apigateway.ApiGatewayApplicationTests" time="45.137" tests="1" errors="0" skipped="0" failures="0">
  <properties>
[...]
</properties>
  <testcase name="contextLoads" classname="com.dailycodebuffer.apigateway.ApiGatewayApplicationTests" time="2.119">
    <system-out><![CDATA[14:25:14.156 [main] INFO org.springframework.test.context.support.AnnotationConfigContextLoaderUtils -- Could not detect default configuration classes for test class [com.dailycodebuffer.apigateway.ApiGatewayApplicationTests]: ApiGatewayApplicationTests does not declare any static, non-private, non-final, nested classes annotated with @Configuration.
14:25:14.441 [main] INFO org.springframework.boot.test.context.SpringBootTestContextBootstrapper -- Found @SpringBootConfiguration com.dailycodebuffer.apigateway.ApiGatewayApplication for test class com.dailycodebuffer.apigateway.ApiGatewayApplicationTests

  .   ____          _            __ _ _
 /\\ / ___'_ __ _ _(_)_ __  __ _ \ \ \ \
( ( )\___ | '_ | '_| | '_ \/ _` | \ \ \ \
 \\/  ___)| |_)| | | | | || (_| |  ) ) ) )
  '  |____| .__|_| |_|_| |_\__, | / / / /
 =========|_|==============|___/=/_/_/_/

 :: Spring Boot ::                (v3.4.1)

2025-01-25T14:25:47.653+05:30  INFO 15380 --- [api-gateway] [           main] [                                                 ] c.d.a.ApiGatewayApplicationTests         : Starting ApiGatewayApplicationTests using Java 17.0.12 with PID 15380 (started by Mahendra Singh in D:\workSpace\Code\microservice\api-gateway)
2025-01-25T14:25:47.659+05:30  INFO 15380 --- [api-gateway] [           main] [                                                 ] c.d.a.ApiGatewayApplicationTests         : No active profile set, falling back to 1 default profile: "default"
2025-01-25T14:25:47.729+05:30  INFO 15380 --- [api-gateway] [           main] [                                                 ] o.s.c.c.c.ConfigServerConfigDataLoader   : Fetching config from server at : http://10.34.0.3:8088
2025-01-25T14:25:47.730+05:30  INFO 15380 --- [api-gateway] [           main] [                                                 ] o.s.c.c.c.ConfigServerConfigDataLoader   : Exception on Url - http://10.34.0.3:8088:org.springframework.web.client.ResourceAccessException: I/O error on GET request for "http://10.34.0.3:8088/api-gateway/default": Connect timed out. Will be trying the next url if available
2025-01-25T14:25:47.730+05:30  WARN 15380 --- [api-gateway] [           main] [                                                 ] o.s.c.c.c.ConfigServerConfigDataLoader   : Could not locate PropertySource ([ConfigServerConfigDataResource@20e3c449 uris = array<String>['http://10.34.0.3:8088'], optional = true, profiles = 'default']): I/O error on GET request for "http://10.34.0.3:8088/api-gateway/default": Connect timed out
2025-01-25T14:25:47.730+05:30  INFO 15380 --- [api-gateway] [           main] [                                                 ] o.s.c.c.c.ConfigServerConfigDataLoader   : Fetching config from server at : http://10.34.0.3:8088
2025-01-25T14:25:47.730+05:30  INFO 15380 --- [api-gateway] [           main] [                                                 ] o.s.c.c.c.ConfigServerConfigDataLoader   : Exception on Url - http://10.34.0.3:8088:org.springframework.web.client.ResourceAccessException: I/O error on GET request for "http://10.34.0.3:8088/api-gateway/default": Connect timed out. Will be trying the next url if available
2025-01-25T14:25:47.731+05:30  WARN 15380 --- [api-gateway] [           main] [                                                 ] o.s.c.c.c.ConfigServerConfigDataLoader   : Could not locate PropertySource ([ConfigServerConfigDataResource@16eedaa6 uris = array<String>['http://10.34.0.3:8088'], optional = true, profiles = 'default']): I/O error on GET request for "http://10.34.0.3:8088/api-gateway/default": Connect timed out
2025-01-25T14:25:47.731+05:30  INFO 15380 --- [api-gateway] [           main] [                                                 ] o.s.c.c.c.ConfigServerConfigDataLoader   : Fetching config from server at : http://10.34.0.3:8088
2025-01-25T14:25:47.731+05:30  INFO 15380 --- [api-gateway] [           main] [                                                 ] o.s.c.c.c.ConfigServerConfigDataLoader   : Exception on Url - http://10.34.0.3:8088:org.springframework.web.client.ResourceAccessException: I/O error on GET request for "http://10.34.0.3:8088/api-gateway/default": Connect timed out. Will be trying the next url if available
2025-01-25T14:25:47.731+05:30  WARN 15380 --- [api-gateway] [           main] [                                                 ] o.s.c.c.c.ConfigServerConfigDataLoader   : Could not locate PropertySource ([ConfigServerConfigDataResource@28501a4b uris = array<String>['http://10.34.0.3:8088'], optional = true, profiles = 'default']): I/O error on GET request for "http://10.34.0.3:8088/api-gateway/default": Connect timed out
2025-01-25T14:25:51.278+05:30  INFO 15380 --- [api-gateway] [           main] [                                                 ] o.s.cloud.context.scope.GenericScope     : BeanFactory id=79af536e-c4de-3a74-b9ea-51f1d1e969fd
2025-01-25T14:25:53.793+05:30  INFO 15380 --- [api-gateway] [           main] [                                                 ] o.s.c.g.r.RouteDefinitionRouteLocator    : Loaded RoutePredicateFactory [After]
2025-01-25T14:25:53.793+05:30  INFO 15380 --- [api-gateway] [           main] [                                                 ] o.s.c.g.r.RouteDefinitionRouteLocator    : Loaded RoutePredicateFactory [Before]
2025-01-25T14:25:53.794+05:30  INFO 15380 --- [api-gateway] [           main] [                                                 ] o.s.c.g.r.RouteDefinitionRouteLocator    : Loaded RoutePredicateFactory [Between]
2025-01-25T14:25:53.794+05:30  INFO 15380 --- [api-gateway] [           main] [                                                 ] o.s.c.g.r.RouteDefinitionRouteLocator    : Loaded RoutePredicateFactory [Cookie]
2025-01-25T14:25:53.795+05:30  INFO 15380 --- [api-gateway] [           main] [                                                 ] o.s.c.g.r.RouteDefinitionRouteLocator    : Loaded RoutePredicateFactory [Header]
2025-01-25T14:25:53.795+05:30  INFO 15380 --- [api-gateway] [           main] [                                                 ] o.s.c.g.r.RouteDefinitionRouteLocator    : Loaded RoutePredicateFactory [Host]
2025-01-25T14:25:53.796+05:30  INFO 15380 --- [api-gateway] [           main] [                                                 ] o.s.c.g.r.RouteDefinitionRouteLocator    : Loaded RoutePredicateFactory [Method]
2025-01-25T14:25:53.796+05:30  INFO 15380 --- [api-gateway] [           main] [                                                 ] o.s.c.g.r.RouteDefinitionRouteLocator    : Loaded RoutePredicateFactory [Path]
2025-01-25T14:25:53.796+05:30  INFO 15380 --- [api-gateway] [           main] [                                                 ] o.s.c.g.r.RouteDefinitionRouteLocator    : Loaded RoutePredicateFactory [Query]
2025-01-25T14:25:53.796+05:30  INFO 15380 --- [api-gateway] [           main] [                                                 ] o.s.c.g.r.RouteDefinitionRouteLocator    : Loaded RoutePredicateFactory [ReadBody]
2025-01-25T14:25:53.797+05:30  INFO 15380 --- [api-gateway] [           main] [                                                 ] o.s.c.g.r.RouteDefinitionRouteLocator    : Loaded RoutePredicateFactory [RemoteAddr]
2025-01-25T14:25:53.797+05:30  INFO 15380 --- [api-gateway] [           main] [                                                 ] o.s.c.g.r.RouteDefinitionRouteLocator    : Loaded RoutePredicateFactory [XForwardedRemoteAddr]
2025-01-25T14:25:53.798+05:30  INFO 15380 --- [api-gateway] [           main] [                                                 ] o.s.c.g.r.RouteDefinitionRouteLocator    : Loaded RoutePredicateFactory [Weight]
2025-01-25T14:25:53.798+05:30  INFO 15380 --- [api-gateway] [           main] [                                                 ] o.s.c.g.r.RouteDefinitionRouteLocator    : Loaded RoutePredicateFactory [CloudFoundryRouteService]
2025-01-25T14:25:54.746+05:30  INFO 15380 --- [api-gateway] [           main] [                                                 ] o.s.b.a.e.web.EndpointLinksResolver      : Exposing 1 endpoint beneath base path '/actuator'
2025-01-25T14:25:55.429+05:30  INFO 15380 --- [api-gateway] [           main] [                                                 ] DiscoveryClientOptionalArgsConfiguration : Eureka HTTP Client uses RestTemplate.
2025-01-25T14:25:55.508+05:30  WARN 15380 --- [api-gateway] [           main] [                                                 ] iguration$LoadBalancerCaffeineWarnLogger : Spring Cloud LoadBalancer is currently working with the default cache. While this cache implementation is useful for development and tests, it's recommended to use Caffeine cache in production.You can switch to using Caffeine cache, by adding it and org.springframework.cache.caffeine.CaffeineCacheManager to the classpath.
2025-01-25T14:25:55.622+05:30  INFO 15380 --- [api-gateway] [           main] [                                                 ] o.s.c.n.eureka.InstanceInfoFactory       : Setting initial instance status as: STARTING
2025-01-25T14:25:55.679+05:30  INFO 15380 --- [api-gateway] [           main] [                                                 ] com.netflix.discovery.DiscoveryClient    : Initializing Eureka in region us-east-1
2025-01-25T14:25:55.695+05:30  INFO 15380 --- [api-gateway] [           main] [                                                 ] c.n.d.s.r.aws.ConfigClusterResolver      : Resolving eureka endpoints via configuration
2025-01-25T14:25:55.720+05:30  INFO 15380 --- [api-gateway] [           main] [                                                 ] com.netflix.discovery.DiscoveryClient    : Disable delta property : false
2025-01-25T14:25:55.720+05:30  INFO 15380 --- [api-gateway] [           main] [                                                 ] com.netflix.discovery.DiscoveryClient    : Single vip registry refresh property : null
2025-01-25T14:25:55.720+05:30  INFO 15380 --- [api-gateway] [           main] [                                                 ] com.netflix.discovery.DiscoveryClient    : Force full registry fetch : false
2025-01-25T14:25:55.720+05:30  INFO 15380 --- [api-gateway] [           main] [                                                 ] com.netflix.discovery.DiscoveryClient    : Application is null : false
2025-01-25T14:25:55.721+05:30  INFO 15380 --- [api-gateway] [           main] [                                                 ] com.netflix.discovery.DiscoveryClient    : Registered Applications size is zero : true
2025-01-25T14:25:55.721+05:30  INFO 15380 --- [api-gateway] [           main] [                                                 ] com.netflix.discovery.DiscoveryClient    : Application version is -1: true
2025-01-25T14:25:55.722+05:30  INFO 15380 --- [api-gateway] [           main] [                                                 ] com.netflix.discovery.DiscoveryClient    : Getting all instance registry info from the eureka server
2025-01-25T14:25:56.451+05:30  INFO 15380 --- [api-gateway] [           main] [                                                 ] com.netflix.discovery.DiscoveryClient    : The response status is 200
2025-01-25T14:25:56.454+05:30  INFO 15380 --- [api-gateway] [           main] [                                                 ] com.netflix.discovery.DiscoveryClient    : Starting heartbeat executor: renew interval is: 30
2025-01-25T14:25:56.458+05:30  INFO 15380 --- [api-gateway] [           main] [                                                 ] c.n.discovery.InstanceInfoReplicator     : InstanceInfoReplicator onDemand update allowed rate per min is 4
2025-01-25T14:25:56.461+05:30  INFO 15380 --- [api-gateway] [           main] [                                                 ] com.netflix.discovery.DiscoveryClient    : Discovery Client initialized at timestamp 1737795356461 with initial instances count: 1
2025-01-25T14:25:56.468+05:30  INFO 15380 --- [api-gateway] [           main] [                                                 ] o.s.c.n.e.s.EurekaServiceRegistry        : Registering application API-GATEWAY with eureka with status UP
2025-01-25T14:25:56.469+05:30  INFO 15380 --- [api-gateway] [           main] [                                                 ] com.netflix.discovery.DiscoveryClient    : Saw local status change event StatusChangeEvent [timestamp=1737795356469, current=UP, previous=STARTING]
2025-01-25T14:25:56.475+05:30  INFO 15380 --- [api-gateway] [foReplicator-%d] [                                                 ] com.netflix.discovery.DiscoveryClient    : DiscoveryClient_API-GATEWAY/DESKTOP-LJ15TSP:api-gateway: registering service...
2025-01-25T14:25:56.663+05:30  INFO 15380 --- [api-gateway] [foReplicator-%d] [                                                 ] com.netflix.discovery.DiscoveryClient    : DiscoveryClient_API-GATEWAY/DESKTOP-LJ15TSP:api-gateway - registration status: 204
2025-01-25T14:25:56.754+05:30  INFO 15380 --- [api-gateway] [           main] [                                                 ] c.d.a.ApiGatewayApplicationTests         : Started ApiGatewayApplicationTests in 41.202 seconds (process running for 44.735)
]]></system-out>
  </testcase>
</testsuite>