<?xml version="1.0" encoding="UTF-8"?>
<testsuite xmlns:xsi="http://www.w3.org/2001/XMLSchema-instance" xsi:noNamespaceSchemaLocation="https://maven.apache.org/surefire/maven-surefire-plugin/xsd/surefire-test-report.xsd" version="3.0.2" name="com.dailycodebuffer.serviceregistry.ServiceRegistryApplicationTests" time="26.185" tests="1" errors="0" skipped="0" failures="0">
  <properties>
[...]
</properties>
  <testcase name="contextLoads" classname="com.dailycodebuffer.serviceregistry.ServiceRegistryApplicationTests" time="5.346">
    <system-out><![CDATA[Standard Commons Logging discovery in action with spring-jcl: please remove commons-logging.jar from classpath in order to avoid potential conflicts
15:43:19.231 [main] INFO org.springframework.test.context.support.AnnotationConfigContextLoaderUtils -- Could not detect default configuration classes for test class [com.dailycodebuffer.serviceregistry.ServiceRegistryApplicationTests]: ServiceRegistryApplicationTests does not declare any static, non-private, non-final, nested classes annotated with @Configuration.
15:43:19.836 [main] INFO org.springframework.boot.test.context.SpringBootTestContextBootstrapper -- Found @SpringBootConfiguration com.dailycodebuffer.serviceregistry.RegistryServiceApplication for test class com.dailycodebuffer.serviceregistry.ServiceRegistryApplicationTests

  .   ____          _            __ _ _
 /\\ / ___'_ __ _ _(_)_ __  __ _ \ \ \ \
( ( )\___ | '_ | '_| | '_ \/ _` | \ \ \ \
 \\/  ___)| |_)| | | | | || (_| |  ) ) ) )
  '  |____| .__|_| |_|_| |_\__, | / / / /
 =========|_|==============|___/=/_/_/_/

 :: Spring Boot ::                (v3.4.1)

2025-01-24T15:43:22.638+05:30  INFO 5884 --- [registry-service] [           main] c.d.s.ServiceRegistryApplicationTests    : Starting ServiceRegistryApplicationTests using Java 17.0.12 with PID 5884 (started by Mahendra Singh in D:\workSpace\Code\microservice\registry-service)
2025-01-24T15:43:22.641+05:30  INFO 5884 --- [registry-service] [           main] c.d.s.ServiceRegistryApplicationTests    : No active profile set, falling back to 1 default profile: "default"
2025-01-24T15:43:27.483+05:30  INFO 5884 --- [registry-service] [           main] o.s.cloud.context.scope.GenericScope     : BeanFactory id=c5639c98-4aa6-35d2-8a30-c857a15ce8f9
2025-01-24T15:43:30.853+05:30  INFO 5884 --- [registry-service] [           main] o.s.v.b.OptionalValidatorFactoryBean     : Failed to set up a Bean Validation provider: jakarta.validation.NoProviderFoundException: Unable to create a Configuration, because no Jakarta Bean Validation provider could be found. Add a provider like Hibernate Validator (RI) to your classpath.
2025-01-24T15:43:35.958+05:30  WARN 5884 --- [registry-service] [           main] iguration$LoadBalancerCaffeineWarnLogger : Spring Cloud LoadBalancer is currently working with the default cache. While this cache implementation is useful for development and tests, it's recommended to use Caffeine cache in production.You can switch to using Caffeine cache, by adding it and org.springframework.cache.caffeine.CaffeineCacheManager to the classpath.
2025-01-24T15:43:37.139+05:30  INFO 5884 --- [registry-service] [           main] o.s.c.n.eureka.InstanceInfoFactory       : Setting initial instance status as: STARTING
2025-01-24T15:43:37.197+05:30  INFO 5884 --- [registry-service] [           main] com.netflix.discovery.DiscoveryClient    : Initializing Eureka in region us-east-1
2025-01-24T15:43:37.202+05:30  INFO 5884 --- [registry-service] [           main] com.netflix.discovery.DiscoveryClient    : Client configured to neither register nor query for data.
2025-01-24T15:43:37.207+05:30  INFO 5884 --- [registry-service] [           main] com.netflix.discovery.DiscoveryClient    : Discovery Client initialized at timestamp 1737713617205 with initial instances count: 0
2025-01-24T15:43:37.381+05:30  INFO 5884 --- [registry-service] [           main] c.n.eureka.DefaultEurekaServerContext    : Initializing ...
2025-01-24T15:43:37.388+05:30  WARN 5884 --- [registry-service] [           main] c.n.eureka.cluster.PeerEurekaNodes       : The replica size seems to be empty. Check the route 53 DNS Registry
2025-01-24T15:43:37.458+05:30  INFO 5884 --- [registry-service] [           main] c.n.e.registry.AbstractInstanceRegistry  : Finished initializing remote region registries. All known remote regions: []
2025-01-24T15:43:37.458+05:30  INFO 5884 --- [registry-service] [           main] c.n.eureka.DefaultEurekaServerContext    : Initialized
2025-01-24T15:43:38.459+05:30  INFO 5884 --- [registry-service] [           main] o.s.b.a.e.web.EndpointLinksResolver      : Exposing 1 endpoint beneath base path '/actuator'
2025-01-24T15:43:38.908+05:30  INFO 5884 --- [registry-service] [           main] o.s.c.n.e.s.EurekaServiceRegistry        : Registering application REGISTRY-SERVICE with eureka with status UP
2025-01-24T15:43:39.062+05:30  INFO 5884 --- [registry-service] [           main] c.d.s.ServiceRegistryApplicationTests    : Started ServiceRegistryApplicationTests in 18.133 seconds (process running for 23.073)
2025-01-24T15:43:39.177+05:30  INFO 5884 --- [registry-service] [      Thread-10] o.s.c.n.e.server.EurekaServerBootstrap   : isAws returned false
2025-01-24T15:43:39.180+05:30  INFO 5884 --- [registry-service] [      Thread-10] o.s.c.n.e.server.EurekaServerBootstrap   : Initialized server context
2025-01-24T15:43:39.181+05:30  INFO 5884 --- [registry-service] [      Thread-10] c.n.e.r.PeerAwareInstanceRegistryImpl    : Got 1 instances from neighboring DS node
2025-01-24T15:43:39.185+05:30  INFO 5884 --- [registry-service] [      Thread-10] c.n.e.r.PeerAwareInstanceRegistryImpl    : Renew threshold is: 1
2025-01-24T15:43:39.186+05:30  INFO 5884 --- [registry-service] [      Thread-10] c.n.e.r.PeerAwareInstanceRegistryImpl    : Changing status to UP
2025-01-24T15:43:39.195+05:30  INFO 5884 --- [registry-service] [      Thread-10] e.s.EurekaServerInitializerConfiguration : Started Eureka Server
]]></system-out>
  </testcase>
</testsuite>